app/build/outputs/mapping/debug/seeds.txt
com.werb.pickphotosample.MainActivity
com.werb.pickphotosample.MainActivity: MainActivity()
...
androidx.fragment.app.Fragment: int hashCode()
com.google.android.material.chip.Chip: void setChipBackgroundColorResource(int)
com.werb.eventbus.SubscriberMethodHunter: SubscriberMethodHunter(java.util.Map)
androidx.arch.core.internal.SafeIterableMap$SupportRemove: SafeIterableMap$SupportRemove()
androidx.appcompat.widget.ContentFrameLayout: android.util.TypedValue getFixedHeightMinor()
com.google.android.material.internal.NavigationMenuItemView: androidx.appcompat.view.menu.MenuItemImpl getItemData()
com.bumptech.glide.load.PreferredColorSpace: com.bumptech.glide.load.PreferredColorSpace valueOf(java.lang.String)
com.google.android.material.transformation.FabTransformationSheetBehavior: FabTransformationSheetBehavior()
androidx.fragment.app.Fragment: androidx.fragment.app.Fragment getParentFragment()
com.google.android.material.chip.Chip: void setChipStrokeColorResource(int)
androidx.appcompat.widget.AppCompatEditText: android.graphics.PorterDuff$Mode getSupportBackgroundTintMode()
com.bumptech.glide.load.engine.cache.DiskCacheWriteLocker$WriteLock: DiskCacheWriteLocker$WriteLock()
androidx.activity.result.ActivityResultRegistry: ActivityResultRegistry()
androidx.appcompat.widget.AppCompatTextView: int getAutoSizeMaxTextSize()
androidx.fragment.app.Fragment: java.lang.String generateActivityResultKey()
com.bumptech.glide.GlideBuilder$WaitForFramesAfterTrimMemory: GlideBuilder$WaitForFramesAfterTrimMemory()
com.google.android.material.card.MaterialCardView: void setCheckedIconGravity(int)
com.google.android.material.button.MaterialButton: void setPressed(boolean)
androidx.constraintlayout.motion.widget.MotionLayout: int[] getConstraintSetIds()
com.google.android.material.card.MaterialCardView: void setCheckedIconMargin(int)
com.google.android.material.internal.FlowLayout: int getItemSpacing()
androidx.core.view.WindowInsetsCompat$BuilderImpl29: WindowInsetsCompat$BuilderImpl29()
androidx.appcompat.widget.ActionBarContextView: java.lang.CharSequence getSubtitle()
android.support.v4.app.RemoteActionCompatParcelizer: androidx.core.app.RemoteActionCompat read(androidx.versionedparcelable.VersionedParcel)
com.bumptech.glide.load.data.ParcelFileDescriptorRewinder$InternalRewinder: android.os.ParcelFileDescriptor rewind()
com.google.android.material.internal.VisibilityAwareImageButton: void setVisibility(int)
com.google.android.material.search.SearchBar: java.lang.CharSequence getHint()
androidx.constraintlayout.motion.widget.MotionLayout: void setDebugMode(int)
com.google.android.material.textfield.TextInputLayout: void setEndIconScaleType(android.widget.ImageView$ScaleType)
androidx.core.widget.TextViewCompat$Api17Impl: void setTextDirection(android.view.View,int)
com.google.android.material.internal.CheckableImageButton: void setChecked(boolean)
androidx.appcompat.widget.AppCompatCheckBox: android.graphics.PorterDuff$Mode getSupportBackgroundTintMode()
com.google.android.material.search.SearchBar: void setTitle(java.lang.CharSequence)
androidx.core.text.TextUtilsCompat$Api17Impl: int getLayoutDirectionFromLocale(java.util.Locale)
androidx.core.view.ViewCompat$Api16Impl: void setImportantForAccessibility(android.view.View,int)
androidx.fragment.app.Fragment: boolean isPostponed()
androidx.fragment.app.Fragment: void setSharedElementEnterTransition(java.lang.Object)
androidx.core.widget.TextViewCompat$Api23Impl: void setCompoundDrawableTintMode(android.widget.TextView,android.graphics.PorterDuff$Mode)
com.google.android.material.datepicker.MaterialCalendar$CalendarSelector: com.google.android.material.datepicker.MaterialCalendar$CalendarSelector valueOf(java.lang.String)
androidx.core.graphics.drawable.DrawableCompat$Api21Impl: void applyTheme(android.graphics.drawable.Drawable,android.content.res.Resources$Theme)
androidx.fragment.app.Fragment: androidx.lifecycle.Lifecycle getLifecycle()
com.google.android.material.button.MaterialButton: void setBackground(android.graphics.drawable.Drawable)