app/build/outputs/mapping/debug/mapping.txt
# compiler: R8
# compiler_version: 3.3.83
# min_api: 24
# common_typos_disable
# {"id":"com.android.tools.r8.mapping","version":"2.0"}
# pg_map_id: 128de75
# pg_map_hash: SHA-256 128de750737e734e12b7a8241807edf5abac7079353ae0d528bd2b907c5a55c7
com.werb.pickphotosample.MainActivity -> com.werb.pickphotosample.MainActivity:
# {"id":"sourceFile","fileName":"MainActivity.kt"}
    void $r8$lambda$jvejzS9wEbePESXzxijVKM26Ieg(com.werb.pickphotosample.MainActivity,android.view.View) -> $r8$lambda$jvejzS9wEbePESXzxijVKM26Ieg
      # {"id":"com.android.tools.r8.synthesized"}
    void $r8$lambda$sIvAcWqUZETLc7JcxcZ_PqbOYZk(com.werb.pickphotosample.MainActivity,android.view.View) -> $r8$lambda$sIvAcWqUZETLc7JcxcZ_PqbOYZk
      # {"id":"com.android.tools.r8.synthesized"}
    void $r8$lambda$uRkduhb0bkmUW7tkSdUBDSERVGI(com.werb.pickphotosample.MainActivity,android.view.View) -> $r8$lambda$uRkduhb0bkmUW7tkSdUBDSERVGI
      # {"id":"com.android.tools.r8.synthesized"}
    24:32:void <init>() -> <init>
    112:132:void onActivityResult(int,int,android.content.Intent) -> onActivityResult
    35:109:void onCreate(android.os.Bundle) -> onCreate
    52:64:void onCreate$lambda$0(com.werb.pickphotosample.MainActivity,android.view.View) -> onCreate$lambda$0
    69:81:void onCreate$lambda$1(com.werb.pickphotosample.MainActivity,android.view.View) -> onCreate$lambda$1
    86:96:void onCreate$lambda$2(com.werb.pickphotosample.MainActivity,android.view.View) -> onCreate$lambda$2
    139:151:void onRequestPermissionsResult(int,java.lang.String[],int[]) -> onRequestPermissionsResult
com.werb.pickphotosample.MainActivity$$ExternalSyntheticLambda0 -> com.werb.pickphotosample.MainActivity$$ExternalSyntheticLambda0:
# {"id":"sourceFile","fileName":"R8$$SyntheticClass"}
# {"id":"com.android.tools.r8.synthesized"}
    com.werb.pickphotosample.MainActivity com.werb.pickphotosample.MainActivity$$InternalSyntheticLambda$1$cdbfdea6efdb15e0e8e722ac367c5698c2edd52bc2d06db6f86907bd06f0ebd6$0.f$0 -> f$0
    void com.werb.pickphotosample.MainActivity$$InternalSyntheticLambda$1$cdbfdea6efdb15e0e8e722ac367c5698c2edd52bc2d06db6f86907bd06f0ebd6$0.<init>(com.werb.pickphotosample.MainActivity) -> <init>
      # {"id":"com.android.tools.r8.synthesized"}
    void com.werb.pickphotosample.MainActivity$$InternalSyntheticLambda$1$cdbfdea6efdb15e0e8e722ac367c5698c2edd52bc2d06db6f86907bd06f0ebd6$0.onClick(android.view.View) -> onClick
      # {"id":"com.android.tools.r8.synthesized"}
com.werb.pickphotosample.MainActivity$$ExternalSyntheticLambda1 -> com.werb.pickphotosample.MainActivity$$ExternalSyntheticLambda1:
# {"id":"sourceFile","fileName":"R8$$SyntheticClass"}
# {"id":"com.android.tools.r8.synthesized"}
    com.werb.pickphotosample.MainActivity com.werb.pickphotosample.MainActivity$$InternalSyntheticLambda$1$cdbfdea6efdb15e0e8e722ac367c5698c2edd52bc2d06db6f86907bd06f0ebd6$1.f$0 -> f$0
    void com.werb.pickphotosample.MainActivity$$InternalSyntheticLambda$1$cdbfdea6efdb15e0e8e722ac367c5698c2edd52bc2d06db6f86907bd06f0ebd6$1.<init>(com.werb.pickphotosample.MainActivity) -> <init>
      # {"id":"com.android.tools.r8.synthesized"}
    void com.werb.pickphotosample.MainActivity$$InternalSyntheticLambda$1$cdbfdea6efdb15e0e8e722ac367c5698c2edd52bc2d06db6f86907bd06f0ebd6$1.onClick(android.view.View) -> onClick
      # {"id":"com.android.tools.r8.synthesized"}
...
kotlin.jvm.functions.Function2 -> kotlin.jvm.functions.Function2:
# {"id":"sourceFile","fileName":"Functions.kt"}
kotlin.jvm.functions.Function20 -> kotlin.jvm.functions.Function20:
# {"id":"sourceFile","fileName":"Functions.kt"}
kotlin.jvm.functions.Function21 -> kotlin.jvm.functions.Function21:
# {"id":"sourceFile","fileName":"Functions.kt"}
kotlin.jvm.functions.Function22 -> kotlin.jvm.functions.Function22:
# {"id":"sourceFile","fileName":"Functions.kt"}
kotlin.jvm.functions.Function3 -> kotlin.jvm.functions.Function3:
# {"id":"sourceFile","fileName":"Functions.kt"}
kotlin.jvm.functions.Function4 -> kotlin.jvm.functions.Function4:
# {"id":"sourceFile","fileName":"Functions.kt"}
kotlin.jvm.functions.Function5 -> kotlin.jvm.functions.Function5:
# {"id":"sourceFile","fileName":"Functions.kt"}
kotlin.jvm.functions.Function6 -> kotlin.jvm.functions.Function6:
# {"id":"sourceFile","fileName":"Functions.kt"}
kotlin.jvm.functions.Function7 -> kotlin.jvm.functions.Function7:
# {"id":"sourceFile","fileName":"Functions.kt"}
kotlin.jvm.functions.Function8 -> kotlin.jvm.functions.Function8:
# {"id":"sourceFile","fileName":"Functions.kt"}
kotlin.jvm.functions.Function9 -> kotlin.jvm.functions.Function9:
# {"id":"sourceFile","fileName":"Functions.kt"}
kotlin.jvm.internal.ArrayIterator -> kotlin.jvm.internal.ArrayIterator:
# {"id":"sourceFile","fileName":"ArrayIterator.kt"}
    8:8:void <init>(java.lang.Object[]) -> <init>
    10:10:boolean hasNext() -> hasNext
    11:11:java.lang.Object next() -> next
kotlin.jvm.internal.ArrayIteratorKt -> kotlin.jvm.internal.ArrayIteratorKt:
# {"id":"sourceFile","fileName":"ArrayIterator.kt"}
    14:14:java.util.Iterator iterator(java.lang.Object[]) -> iterator
kotlin.jvm.internal.CallableReference -> kotlin.jvm.internal.CallableReference:
    48:48:void <clinit>() -> <clinit>
    60:61:void <init>() -> <init>
    65:66:void <init>(java.lang.Object) -> <init>
    69:75:void <init>(java.lang.Object,java.lang.Class,java.lang.String,java.lang.String,boolean) -> <init>
    86:91:kotlin.reflect.KCallable compute() -> compute
    81:81:java.lang.Object getBoundReceiver() -> getBoundReceiver
    120:120:java.lang.String getName() -> getName
    111:112:kotlin.reflect.KDeclarationContainer getOwner() -> getOwner
    96:100:kotlin.reflect.KCallable getReflected() -> getReflected
    132:132:java.lang.String getSignature() -> getSignature
kotlin.jvm.internal.CallableReference$NoReceiver -> kotlin.jvm.internal.CallableReference$NoReceiver:
    52:52:void <clinit>() -> <clinit>
    51:51:void <init>() -> <init>
    51:51:kotlin.jvm.internal.CallableReference$NoReceiver access$000() -> access$000
kotlin.jvm.internal.ClassBasedDeclarationContainer -> kotlin.jvm.internal.ClassBasedDeclarationContainer:
# {"id":"sourceFile","fileName":"ClassBasedDeclarationContainer.kt"}