app/build/outputs/mapping/debug/usage.txt
com.werb.pickphotosample.BuildConfig
com.werb.pickphotosample.MainActivity:
    public void _$_clearFindViewByIdCache()
com.werb.pickphotosample.R$color
com.werb.pickphotosample.R$drawable
com.werb.pickphotosample.R$id:
    public static final int btn1
    public static final int btn2
    public static final int btn3
    public static final int image
    public static final int intro_layout
    public static final int listview_background_shape
    public static final int photo_list
    private void <init>()
com.werb.pickphotosample.R$layout
com.werb.pickphotosample.R$mipmap
com.werb.pickphotosample.R$string
com.werb.pickphotosample.R$style
com.werb.pickphotosample.R$xml
com.werb.pickphotosample.R
...
kotlin.text.Regex$findAll$2
kotlin.text.Regex$special$$inlined$fromInt$1
kotlin.text.Regex$splitToSequence$1
kotlin.text.Regex
kotlin.text.RegexKt$fromInt$1$1
kotlin.text.RegexKt
kotlin.text.RegexOption
kotlin.text.ScreenFloatValueRegEx
kotlin.text.StringsKt:
    private void <init>()
kotlin.text.StringsKt__AppendableKt:
    public void <init>()
    public static final varargs java.lang.Appendable append(java.lang.Appendable,java.lang.CharSequence[])
    public static final void appendElement(java.lang.Appendable,java.lang.Object,kotlin.jvm.functions.Function1)
    private static final java.lang.Appendable appendLine(java.lang.Appendable)
    private static final java.lang.Appendable appendLine(java.lang.Appendable,char)
    private static final java.lang.Appendable appendLine(java.lang.Appendable,java.lang.CharSequence)
    public static final java.lang.Appendable appendRange(java.lang.Appendable,java.lang.CharSequence,int,int)
kotlin.text.StringsKt__IndentKt$getIndentFunction$1
kotlin.text.StringsKt__IndentKt$getIndentFunction$2
kotlin.text.StringsKt__IndentKt$prependIndent$1
kotlin.text.StringsKt__IndentKt:
    public void <init>()
    private static final kotlin.jvm.functions.Function1 getIndentFunction$StringsKt__IndentKt(java.lang.String)
    private static final int indentWidth$StringsKt__IndentKt(java.lang.String)
    public static final java.lang.String prependIndent(java.lang.String,java.lang.String)
    public static synthetic java.lang.String prependIndent$default(java.lang.String,java.lang.String,int,java.lang.Object)
    private static final java.lang.String reindent$StringsKt__IndentKt(java.util.List,int,kotlin.jvm.functions.Function1,kotlin.jvm.functions.Function1)
    public static final java.lang.String replaceIndent(java.lang.String,java.lang.String)
    public static synthetic java.lang.String replaceIndent$default(java.lang.String,java.lang.String,int,java.lang.Object)
    public static final java.lang.String replaceIndentByMargin(java.lang.String,java.lang.String,java.lang.String)
    public static synthetic java.lang.String replaceIndentByMargin$default(java.lang.String,java.lang.String,java.lang.String,int,java.lang.Object)
    public static final java.lang.String trimIndent(java.lang.String)
    public static final java.lang.String trimMargin(java.lang.String,java.lang.String)
    public static synthetic java.lang.String trimMargin$default(java.lang.String,java.lang.String,int,java.lang.Object)
kotlin.text.StringsKt__RegexExtensionsJVMKt:
    public void <init>()
    private static final kotlin.text.Regex toRegex(java.util.regex.Pattern)
kotlin.text.StringsKt__RegexExtensionsKt:
    public void <init>()
    private static final kotlin.text.Regex toRegex(java.lang.String)
    private static final kotlin.text.Regex toRegex(java.lang.String,java.util.Set)
    private static final kotlin.text.Regex toRegex(java.lang.String,kotlin.text.RegexOption)